d:\github\c_programming\c_prac\c_prac\debug\vc141.pdb
d:\github\c_programming\c_prac\c_prac\debug\vc141.idb
d:\github\c_programming\c_prac\c_prac\debug\ch8.obj
d:\github\c_programming\c_prac\c_prac\debug\ch6.obj
d:\github\c_programming\c_prac\c_prac\debug\ch9.obj
d:\github\c_programming\c_prac\c_prac\debug\ch10.obj
d:\github\c_programming\c_prac\debug\c_prac.exe
d:\github\c_programming\c_prac\debug\c_prac.ilk
d:\github\c_programming\c_prac\debug\c_prac.pdb
c:\github\c_programming\c_prac\c_prac\debug\ch10.obj
c:\github\c_programming\c_prac\c_prac\debug\ch6.obj
c:\github\c_programming\c_prac\c_prac\debug\ch8.obj
c:\github\c_programming\c_prac\c_prac\debug\ch9.obj
c:\github\c_programming\c_prac\c_prac\debug\vc141.idb
c:\github\c_programming\c_prac\c_prac\debug\vc141.pdb
c:\github\c_programming\c_prac\debug\c_prac.pdb
c:\github\c_programming\c_prac\debug\c_prac.exe
c:\github\c_programming\c_prac\debug\c_prac.ilk
c:\github\c_programming\c_prac\c_prac\debug\c_prac.tlog\cl.command.1.tlog
c:\github\c_programming\c_prac\c_prac\debug\c_prac.tlog\cl.read.1.tlog
c:\github\c_programming\c_prac\c_prac\debug\c_prac.tlog\cl.write.1.tlog
c:\github\c_programming\c_prac\c_prac\debug\c_prac.tlog\link.command.1.tlog
c:\github\c_programming\c_prac\c_prac\debug\c_prac.tlog\link.read.1.tlog
c:\github\c_programming\c_prac\c_prac\debug\c_prac.tlog\link.write.1.tlog
