  ch28.c
c:\github\c_programming\c_prac\c_prac\ch28.c(13): warning C4013: 'q4_4_2'이(가) 정의되지 않았습니다. extern은 int형을 반환하는 것으로 간주합니다.
c:\github\c_programming\c_prac\c_prac\ch28.c(92): warning C4013: 'add'이(가) 정의되지 않았습니다. extern은 int형을 반환하는 것으로 간주합니다.
c:\github\c_programming\c_prac\c_prac\ch28.c(93): warning C4013: 'mul'이(가) 정의되지 않았습니다. extern은 int형을 반환하는 것으로 간주합니다.
c:\github\c_programming\c_prac\c_prac\ch28.c(90): warning C4305: '초기화 중': 'double'에서 'float'(으)로 잘립니다.
c:\github\c_programming\c_prac\c_prac\ch28.c(91): warning C4305: '초기화 중': 'double'에서 'float'(으)로 잘립니다.
c:\github\c_programming\c_prac\c_prac\ch28.c(157): warning C4554: '&': 연산자 우선 순위에 오류가 있는지 확인하세요. 괄호를 사용하여 우선 순위를 명확하게 지정하세요.
c:\github\c_programming\c_prac\c_prac\ch28.c(199): warning C4013: 'phone_delete'이(가) 정의되지 않았습니다. extern은 int형을 반환하는 것으로 간주합니다.
c:\github\c_programming\c_prac\c_prac\ch28.c(202): warning C4013: 'phone_search'이(가) 정의되지 않았습니다. extern은 int형을 반환하는 것으로 간주합니다.
c:\github\c_programming\c_prac\c_prac\ch28.c(205): warning C4013: 'phone_print'이(가) 정의되지 않았습니다. extern은 int형을 반환하는 것으로 간주합니다.
c:\github\c_programming\c_prac\c_prac\ch28.c(210): warning C4013: 'save_data'이(가) 정의되지 않았습니다. extern은 int형을 반환하는 것으로 간주합니다.
c:\github\c_programming\c_prac\c_prac\ch28.c(212): warning C4013: 'load_data'이(가) 정의되지 않았습니다. extern은 int형을 반환하는 것으로 간주합니다.
c:\github\c_programming\c_prac\c_prac\ch28.c(263): warning C4047: '함수': 'const char *'의 간접 참조 수준이 'int'과(와) 다릅니다.
c:\github\c_programming\c_prac\c_prac\ch28.c(263): warning C4024: 'fputs': 형식 및 실제 매개 변수 1의 형식이 서로 다릅니다.
c:\github\c_programming\c_prac\c_prac\ch28.c(284): warning C4477: 'fscanf_s' : 서식 문자열 '%s'에 'unsigned int' 형식의 인수가 필요하지만 variadic 인수 2의 형식이 'char *'입니다.
  c:\github\c_programming\c_prac\c_prac\ch28.c(284): note: 이 인수는 버퍼 크기로 사용됩니다.
c:\github\c_programming\c_prac\c_prac\ch28.c(284): warning C4477: 'fscanf_s' : 서식 문자열 '%s'에 'char *' 형식의 인수가 필요하지만 variadic 인수 3의 형식이 'int'입니다.
  c:\github\c_programming\c_prac\c_prac\ch28.c(284): note: 이 인수는 변환 지정자에서 사용됩니다.
c:\github\c_programming\c_prac\c_prac\ch28.c(284): warning C4473: 'fscanf_s': 서식 문자열에 대한 인수가 충분하게 전달되지 않았습니다.
  c:\github\c_programming\c_prac\c_prac\ch28.c(284): note: 자리 표시자 및 해당 매개 변수에는 variadic 인수가 5개 필요하지만 3개가 제공되었습니다.
  c:\github\c_programming\c_prac\c_prac\ch28.c(284): note: 누락된 variadic 인수 4이(가) 서식 문자열 '%s'에 필요합니다.
  c:\github\c_programming\c_prac\c_prac\ch28.c(284): note: 이 인수는 버퍼 크기로 사용됩니다.
  C_prac.vcxproj -> C:\Github\C_programming\C_prac\Debug\C_prac.exe
